<?xml version="1.0" encoding="UTF-8"?>
<!-- Generated by org.testng.reporters.JUnitReportReporter -->
<testsuite skipped="0" hostname="Kannapi" name="com.obsqura.selenium.POMHomeworks.RadioButtonsDemo" tests="1" failures="0" timestamp="10 Dec 2022 22:52:18 GMT" time="16.326" errors="0">
  <testcase name="verifyMaleFemaleButtonsNotSelectedAndMessage" time="16.326" classname="com.obsqura.selenium.POMHomeworks.RadioButtonsDemo"/>
</testsuite> <!-- com.obsqura.selenium.POMHomeworks.RadioButtonsDemo -->
