<?xml version="1.0" encoding="UTF-8"?>
<!-- Generated by org.testng.reporters.JUnitReportReporter -->
<testsuite skipped="0" hostname="Kannapi" name="com.obsqura.selenium.POMHomeworks.Locators" tests="1" failures="0" timestamp="10 Dec 2022 23:20:38 GMT" time="9.496" errors="0">
  <testcase name="locateByID" time="9.496" classname="com.obsqura.selenium.POMHomeworks.Locators"/>
</testsuite> <!-- com.obsqura.selenium.POMHomeworks.Locators -->
