<?xml version="1.0" encoding="UTF-8"?>
<!-- Generated by org.testng.reporters.JUnitReportReporter -->
<testsuite skipped="0" hostname="Kannapi" name="com.obsqura.selenium.TestNGHomeworks.Locators" tests="1" failures="0" timestamp="26 Nov 2022 21:01:24 GMT" time="5.785" errors="0">
  <testcase name="locate" time="5.785" classname="com.obsqura.selenium.TestNGHomeworks.Locators"/>
</testsuite> <!-- com.obsqura.selenium.TestNGHomeworks.Locators -->
