<?xml version="1.0" encoding="UTF-8"?>
<!-- Generated by org.testng.reporters.JUnitReportReporter -->
<testsuite skipped="0" hostname="Kannapi" name="com.obsqura.selenium.TestNGHomeworks.BaseClassStudy" tests="1" failures="0" timestamp="26 Nov 2022 15:30:41 GMT" time="11.079" errors="0">
  <testcase name="startBrowser" time="11.079" classname="com.obsqura.selenium.TestNGHomeworks.BaseClassStudy"/>
</testsuite> <!-- com.obsqura.selenium.TestNGHomeworks.BaseClassStudy -->
