<?xml version="1.0" encoding="UTF-8"?>
<!-- Generated by org.testng.reporters.JUnitReportReporter -->
<testsuite skipped="0" hostname="Kannapi" name="com.obsqura.selenium.TestNGHomeworks.DifferentLocators" tests="1" failures="0" timestamp="26 Nov 2022 22:01:40 GMT" time="10.020" errors="0">
  <testcase name="locateByID" time="10.020" classname="com.obsqura.selenium.TestNGHomeworks.DifferentLocators"/>
</testsuite> <!-- com.obsqura.selenium.TestNGHomeworks.DifferentLocators -->
