<?xml version="1.0" encoding="UTF-8"?>
<!-- Generated by org.testng.reporters.JUnitReportReporter -->
<testsuite skipped="0" hostname="Kannapi" name="com.obsqura.selenium.pageObjectModel_POM.FormSubmitByParameterTest" tests="1" failures="0" timestamp="20 Dec 2022 12:51:22 GMT" time="9.209" errors="0">
  <testcase name="checkAndVerifyParameterWithTestNG" time="9.209" classname="com.obsqura.selenium.pageObjectModel_POM.FormSubmitByParameterTest"/>
</testsuite> <!-- com.obsqura.selenium.pageObjectModel_POM.FormSubmitByParameterTest -->
