<?xml version="1.0" encoding="UTF-8"?>
<!-- Generated by org.testng.reporters.JUnitReportReporter -->
<testsuite skipped="0" hostname="Kannapi" name="com.obsqura.selenium.pageObjectModel_POM.FormSubmitByDatProviderTest" tests="1" failures="0" timestamp="20 Dec 2022 12:52:55 GMT" time="7.277" errors="0">
  <testcase name="verifyDataProviderMethod" time="7.277" classname="com.obsqura.selenium.pageObjectModel_POM.FormSubmitByDatProviderTest"/>
</testsuite> <!-- com.obsqura.selenium.pageObjectModel_POM.FormSubmitByDatProviderTest -->
