<?xml version="1.0" encoding="UTF-8"?>
<!-- Generated by org.testng.reporters.JUnitReportReporter -->
<testsuite skipped="0" hostname="Kannapi" name="com.obsqura.selenium.TestNGSample.FileDownloading" tests="1" failures="0" timestamp="04 Jan 2023 20:54:31 GMT" time="65.744" errors="0">
  <testcase name="fileDownloadGuru99" time="65.744" classname="com.obsqura.selenium.TestNGSample.FileDownloading"/>
</testsuite> <!-- com.obsqura.selenium.TestNGSample.FileDownloading -->
