<?xml version="1.0" encoding="UTF-8"?>
<!-- Generated by org.testng.reporters.JUnitReportReporter -->
<testsuite skipped="0" hostname="Kannapi" name="com.obsqura.selenium.TestNGSample.JavascriptExecutorCommands" tests="1" failures="0" timestamp="16 Dec 2022 02:28:21 GMT" time="7.489" errors="0">
  <testcase name="scrollMethod" time="7.489" classname="com.obsqura.selenium.TestNGSample.JavascriptExecutorCommands"/>
</testsuite> <!-- com.obsqura.selenium.TestNGSample.JavascriptExecutorCommands -->
