<?xml version="1.0" encoding="UTF-8"?>
<!-- Generated by org.testng.reporters.JUnitReportReporter -->
<testsuite skipped="0" hostname="Kannapi" name="com.obsqura.selenium.TestNGSample.MultipleCheckboxSelection" tests="3" failures="0" timestamp="06 Jan 2023 02:27:41 GMT" time="57.887" errors="0">
  <testcase name="allCheckboxSelectedAndClickSelectButton" time="20.363" classname="com.obsqura.selenium.TestNGSample.MultipleCheckboxSelection"/>
  <testcase name="noMultipleCheckboxSelection" time="15.409" classname="com.obsqura.selenium.TestNGSample.MultipleCheckboxSelection"/>
  <testcase name="allMultipleCheckboxSelection" time="22.115" classname="com.obsqura.selenium.TestNGSample.MultipleCheckboxSelection"/>
</testsuite> <!-- com.obsqura.selenium.TestNGSample.MultipleCheckboxSelection -->
