<?xml version="1.0" encoding="UTF-8"?>
<!-- Generated by org.testng.reporters.JUnitReportReporter -->
<testsuite skipped="0" hostname="Kannapi" name="com.obsqura.selenium.TestNGSample.ParameterizationInTestNG" tests="3" failures="0" timestamp="19 Dec 2022 02:58:27 GMT" time="17.345" errors="0">
  <testcase name="methodWithDataprovider" time="4.525" classname="com.obsqura.selenium.TestNGSample.ParameterizationInTestNG"/>
  <testcase name="methodWithDataprovider" time="5.287" classname="com.obsqura.selenium.TestNGSample.ParameterizationInTestNG"/>
  <testcase name="methodWithDataprovider" time="7.533" classname="com.obsqura.selenium.TestNGSample.ParameterizationInTestNG"/>
</testsuite> <!-- com.obsqura.selenium.TestNGSample.ParameterizationInTestNG -->
