<?xml version="1.0" encoding="UTF-8"?>
<!-- Generated by org.testng.reporters.JUnitReportReporter -->
<testsuite skipped="0" hostname="Kannapi" name="com.obsqura.selenium.TestNGSample.TestNGAnnotations" tests="1" failures="0" timestamp="27 Nov 2022 19:52:08 GMT" time="7.295" errors="0">
  <testcase name="testmethod" time="7.295" classname="com.obsqura.selenium.TestNGSample.TestNGAnnotations"/>
</testsuite> <!-- com.obsqura.selenium.TestNGSample.TestNGAnnotations -->
