<?xml version="1.0" encoding="UTF-8"?>
<!-- Generated by org.testng.reporters.JUnitReportReporter -->
<testsuite skipped="0" hostname="Kannapi" name="homeWork.FileDownloadObsqSite" tests="1" failures="0" timestamp="04 Jan 2023 20:56:07 GMT" time="30.219" errors="0">
  <testcase name="downloadFile" time="30.219" classname="homeWork.FileDownloadObsqSite"/>
</testsuite> <!-- homeWork.FileDownloadObsqSite -->
